ene 19, 2020 3:35:35 PM com.era.logger.LoggerUtility logInfo
INFORMACIÓN: Logger: instance: ijhX8Hgcsms2bOs+OK6W6w==
ene 19, 2020 3:35:35 PM com.era.logger.LoggerUtility logInfo
INFORMACIÓN: Logger: user: xJVgdt5XzkcXOrqSuxlbkQ==
ene 19, 2020 3:35:35 PM com.era.logger.LoggerUtility logInfo
INFORMACIÓN: Logger: password: iVvHF5gzmDGcDHrHDw0t8g==
ene 19, 2020 3:35:35 PM com.era.logger.LoggerUtility logInfo
INFORMACIÓN: Logger: db: BlFliTlRLUGQPXiipS+pCQ==
ene 19, 2020 3:35:35 PM com.era.logger.LoggerUtility logInfo
INFORMACIÓN: Logger: sucursal SUC1
ene 19, 2020 3:35:35 PM com.era.logger.LoggerUtility logInfo
INFORMACIÓN: Logger: cashNumber sxQfvsafcZtEl2hwj6jYAg==
ene 19, 2020 3:35:35 PM com.era.logger.LoggerUtility logInfo
INFORMACIÓN: Logger: port Hv88+Lv19nTGz9Wyk0QVMQ==
ene 19, 2020 3:35:35 PM com.era.logger.LoggerUtility logInfo
INFORMACIÓN: Logger: companyName PRTVdvTSgN8B3d5Kznognw==
ene 19, 2020 3:35:35 PM com.era.logger.LoggerUtility logInfo
INFORMACIÓN: Logger: workStation ZlaVzDNuVJopFVp5nx+bqA==
ene 19, 2020 3:35:35 PM com.era.logger.LoggerUtility logInfo
INFORMACIÓN: Logger: localInstance ijhX8Hgcsms2bOs+OK6W6w==
ene 19, 2020 3:35:35 PM com.era.logger.LoggerUtility logInfo
INFORMACIÓN: Logger: localUser xJVgdt5XzkcXOrqSuxlbkQ==
ene 19, 2020 3:35:35 PM com.era.logger.LoggerUtility logInfo
INFORMACIÓN: Logger: localPassword iVvHF5gzmDGcDHrHDw0t8g==
ene 19, 2020 3:35:35 PM com.era.logger.LoggerUtility logInfo
INFORMACIÓN: Logger: localDB BlFliTlRLUGQPXiipS+pCQ==
ene 19, 2020 3:35:35 PM com.era.logger.LoggerUtility logInfo
INFORMACIÓN: Logger: localPort FIswUEUI/CO/aXZ+dvmbEegOR+gCQyVFj9CSl1rsQY4=
ene 19, 2020 3:35:35 PM com.era.logger.LoggerUtility logInfo
INFORMACIÓN: Logger: instance: ijhX8Hgcsms2bOs+OK6W6w==
ene 19, 2020 3:35:35 PM com.era.logger.LoggerUtility logInfo
INFORMACIÓN: Logger: user: xJVgdt5XzkcXOrqSuxlbkQ==
ene 19, 2020 3:35:35 PM com.era.logger.LoggerUtility logInfo
INFORMACIÓN: Logger: password: iVvHF5gzmDGcDHrHDw0t8g==
ene 19, 2020 3:35:35 PM com.era.logger.LoggerUtility logInfo
INFORMACIÓN: Logger: db: BlFliTlRLUGQPXiipS+pCQ==
ene 19, 2020 3:35:35 PM com.era.logger.LoggerUtility logInfo
INFORMACIÓN: Logger: sucursal SUC1
ene 19, 2020 3:35:35 PM com.era.logger.LoggerUtility logInfo
INFORMACIÓN: Logger: cashNumber sxQfvsafcZtEl2hwj6jYAg==
ene 19, 2020 3:35:35 PM com.era.logger.LoggerUtility logInfo
INFORMACIÓN: Logger: port Hv88+Lv19nTGz9Wyk0QVMQ==
ene 19, 2020 3:35:35 PM com.era.logger.LoggerUtility logInfo
INFORMACIÓN: Logger: companyName PRTVdvTSgN8B3d5Kznognw==
ene 19, 2020 3:35:35 PM com.era.logger.LoggerUtility logInfo
INFORMACIÓN: Logger: workStation ZlaVzDNuVJopFVp5nx+bqA==
ene 19, 2020 3:35:35 PM com.era.logger.LoggerUtility logInfo
INFORMACIÓN: Logger: localInstance ijhX8Hgcsms2bOs+OK6W6w==
ene 19, 2020 3:35:35 PM com.era.logger.LoggerUtility logInfo
INFORMACIÓN: Logger: localUser xJVgdt5XzkcXOrqSuxlbkQ==
ene 19, 2020 3:35:35 PM com.era.logger.LoggerUtility logInfo
INFORMACIÓN: Logger: localPassword iVvHF5gzmDGcDHrHDw0t8g==
ene 19, 2020 3:35:35 PM com.era.logger.LoggerUtility logInfo
INFORMACIÓN: Logger: localDB BlFliTlRLUGQPXiipS+pCQ==
ene 19, 2020 3:35:35 PM com.era.logger.LoggerUtility logInfo
INFORMACIÓN: Logger: localPort FIswUEUI/CO/aXZ+dvmbEegOR+gCQyVFj9CSl1rsQY4=
ene 19, 2020 3:40:32 PM com.era.logger.LoggerUtility logInfo
INFORMACIÓN: Logger: instance: ijhX8Hgcsms2bOs+OK6W6w==
ene 19, 2020 3:40:32 PM com.era.logger.LoggerUtility logInfo
INFORMACIÓN: Logger: user: xJVgdt5XzkcXOrqSuxlbkQ==
ene 19, 2020 3:40:32 PM com.era.logger.LoggerUtility logInfo
INFORMACIÓN: Logger: password: iVvHF5gzmDGcDHrHDw0t8g==
ene 19, 2020 3:40:32 PM com.era.logger.LoggerUtility logInfo
INFORMACIÓN: Logger: db: BlFliTlRLUGQPXiipS+pCQ==
ene 19, 2020 3:40:32 PM com.era.logger.LoggerUtility logInfo
INFORMACIÓN: Logger: sucursal SUC1
ene 19, 2020 3:40:32 PM com.era.logger.LoggerUtility logInfo
INFORMACIÓN: Logger: cashNumber sxQfvsafcZtEl2hwj6jYAg==
ene 19, 2020 3:40:32 PM com.era.logger.LoggerUtility logInfo
INFORMACIÓN: Logger: port Hv88+Lv19nTGz9Wyk0QVMQ==
ene 19, 2020 3:40:32 PM com.era.logger.LoggerUtility logInfo
INFORMACIÓN: Logger: companyName PRTVdvTSgN8B3d5Kznognw==
ene 19, 2020 3:40:32 PM com.era.logger.LoggerUtility logInfo
INFORMACIÓN: Logger: workStation ZlaVzDNuVJopFVp5nx+bqA==
ene 19, 2020 3:40:32 PM com.era.logger.LoggerUtility logInfo
INFORMACIÓN: Logger: localInstance ijhX8Hgcsms2bOs+OK6W6w==
ene 19, 2020 3:40:32 PM com.era.logger.LoggerUtility logInfo
INFORMACIÓN: Logger: localUser xJVgdt5XzkcXOrqSuxlbkQ==
ene 19, 2020 3:40:32 PM com.era.logger.LoggerUtility logInfo
INFORMACIÓN: Logger: localPassword iVvHF5gzmDGcDHrHDw0t8g==
ene 19, 2020 3:40:32 PM com.era.logger.LoggerUtility logInfo
INFORMACIÓN: Logger: localDB BlFliTlRLUGQPXiipS+pCQ==
ene 19, 2020 3:40:32 PM com.era.logger.LoggerUtility logInfo
INFORMACIÓN: Logger: localPort FIswUEUI/CO/aXZ+dvmbEegOR+gCQyVFj9CSl1rsQY4=
ene 19, 2020 3:40:32 PM com.era.logger.LoggerUtility logInfo
INFORMACIÓN: Logger: instance: ijhX8Hgcsms2bOs+OK6W6w==
ene 19, 2020 3:40:32 PM com.era.logger.LoggerUtility logInfo
INFORMACIÓN: Logger: user: xJVgdt5XzkcXOrqSuxlbkQ==
ene 19, 2020 3:40:32 PM com.era.logger.LoggerUtility logInfo
INFORMACIÓN: Logger: password: iVvHF5gzmDGcDHrHDw0t8g==
ene 19, 2020 3:40:32 PM com.era.logger.LoggerUtility logInfo
INFORMACIÓN: Logger: db: BlFliTlRLUGQPXiipS+pCQ==
ene 19, 2020 3:40:32 PM com.era.logger.LoggerUtility logInfo
INFORMACIÓN: Logger: sucursal SUC1
ene 19, 2020 3:40:32 PM com.era.logger.LoggerUtility logInfo
INFORMACIÓN: Logger: cashNumber sxQfvsafcZtEl2hwj6jYAg==
ene 19, 2020 3:40:32 PM com.era.logger.LoggerUtility logInfo
INFORMACIÓN: Logger: port Hv88+Lv19nTGz9Wyk0QVMQ==
ene 19, 2020 3:40:32 PM com.era.logger.LoggerUtility logInfo
INFORMACIÓN: Logger: companyName PRTVdvTSgN8B3d5Kznognw==
ene 19, 2020 3:40:32 PM com.era.logger.LoggerUtility logInfo
INFORMACIÓN: Logger: workStation ZlaVzDNuVJopFVp5nx+bqA==
ene 19, 2020 3:40:32 PM com.era.logger.LoggerUtility logInfo
INFORMACIÓN: Logger: localInstance ijhX8Hgcsms2bOs+OK6W6w==
ene 19, 2020 3:40:32 PM com.era.logger.LoggerUtility logInfo
INFORMACIÓN: Logger: localUser xJVgdt5XzkcXOrqSuxlbkQ==
ene 19, 2020 3:40:32 PM com.era.logger.LoggerUtility logInfo
INFORMACIÓN: Logger: localPassword iVvHF5gzmDGcDHrHDw0t8g==
ene 19, 2020 3:40:32 PM com.era.logger.LoggerUtility logInfo
INFORMACIÓN: Logger: localDB BlFliTlRLUGQPXiipS+pCQ==
ene 19, 2020 3:40:32 PM com.era.logger.LoggerUtility logInfo
INFORMACIÓN: Logger: localPort FIswUEUI/CO/aXZ+dvmbEegOR+gCQyVFj9CSl1rsQY4=
ene 19, 2020 3:41:30 PM com.era.logger.LoggerUtility logInfo
INFORMACIÓN: Logger: instance: ijhX8Hgcsms2bOs+OK6W6w==
ene 19, 2020 3:41:30 PM com.era.logger.LoggerUtility logInfo
INFORMACIÓN: Logger: user: xJVgdt5XzkcXOrqSuxlbkQ==
ene 19, 2020 3:41:30 PM com.era.logger.LoggerUtility logInfo
INFORMACIÓN: Logger: password: iVvHF5gzmDGcDHrHDw0t8g==
ene 19, 2020 3:41:30 PM com.era.logger.LoggerUtility logInfo
INFORMACIÓN: Logger: db: BlFliTlRLUGQPXiipS+pCQ==
ene 19, 2020 3:41:30 PM com.era.logger.LoggerUtility logInfo
INFORMACIÓN: Logger: sucursal SUC1
ene 19, 2020 3:41:30 PM com.era.logger.LoggerUtility logInfo
INFORMACIÓN: Logger: cashNumber sxQfvsafcZtEl2hwj6jYAg==
ene 19, 2020 3:41:30 PM com.era.logger.LoggerUtility logInfo
INFORMACIÓN: Logger: port Hv88+Lv19nTGz9Wyk0QVMQ==
ene 19, 2020 3:41:30 PM com.era.logger.LoggerUtility logInfo
INFORMACIÓN: Logger: companyName PRTVdvTSgN8B3d5Kznognw==
ene 19, 2020 3:41:30 PM com.era.logger.LoggerUtility logInfo
INFORMACIÓN: Logger: workStation ZlaVzDNuVJopFVp5nx+bqA==
ene 19, 2020 3:41:30 PM com.era.logger.LoggerUtility logInfo
INFORMACIÓN: Logger: localInstance ijhX8Hgcsms2bOs+OK6W6w==
ene 19, 2020 3:41:30 PM com.era.logger.LoggerUtility logInfo
INFORMACIÓN: Logger: localUser xJVgdt5XzkcXOrqSuxlbkQ==
ene 19, 2020 3:41:30 PM com.era.logger.LoggerUtility logInfo
INFORMACIÓN: Logger: localPassword iVvHF5gzmDGcDHrHDw0t8g==
ene 19, 2020 3:41:30 PM com.era.logger.LoggerUtility logInfo
INFORMACIÓN: Logger: localDB BlFliTlRLUGQPXiipS+pCQ==
ene 19, 2020 3:41:30 PM com.era.logger.LoggerUtility logInfo
INFORMACIÓN: Logger: localPort FIswUEUI/CO/aXZ+dvmbEegOR+gCQyVFj9CSl1rsQY4=
ene 19, 2020 3:41:30 PM com.era.logger.LoggerUtility logInfo
INFORMACIÓN: Logger: instance: ijhX8Hgcsms2bOs+OK6W6w==
ene 19, 2020 3:41:30 PM com.era.logger.LoggerUtility logInfo
INFORMACIÓN: Logger: user: xJVgdt5XzkcXOrqSuxlbkQ==
ene 19, 2020 3:41:30 PM com.era.logger.LoggerUtility logInfo
INFORMACIÓN: Logger: password: iVvHF5gzmDGcDHrHDw0t8g==
ene 19, 2020 3:41:30 PM com.era.logger.LoggerUtility logInfo
INFORMACIÓN: Logger: db: BlFliTlRLUGQPXiipS+pCQ==
ene 19, 2020 3:41:30 PM com.era.logger.LoggerUtility logInfo
INFORMACIÓN: Logger: sucursal SUC1
ene 19, 2020 3:41:30 PM com.era.logger.LoggerUtility logInfo
INFORMACIÓN: Logger: cashNumber sxQfvsafcZtEl2hwj6jYAg==
ene 19, 2020 3:41:30 PM com.era.logger.LoggerUtility logInfo
INFORMACIÓN: Logger: port Hv88+Lv19nTGz9Wyk0QVMQ==
ene 19, 2020 3:41:30 PM com.era.logger.LoggerUtility logInfo
INFORMACIÓN: Logger: companyName PRTVdvTSgN8B3d5Kznognw==
ene 19, 2020 3:41:30 PM com.era.logger.LoggerUtility logInfo
INFORMACIÓN: Logger: workStation ZlaVzDNuVJopFVp5nx+bqA==
ene 19, 2020 3:41:30 PM com.era.logger.LoggerUtility logInfo
INFORMACIÓN: Logger: localInstance ijhX8Hgcsms2bOs+OK6W6w==
ene 19, 2020 3:41:30 PM com.era.logger.LoggerUtility logInfo
INFORMACIÓN: Logger: localUser xJVgdt5XzkcXOrqSuxlbkQ==
ene 19, 2020 3:41:30 PM com.era.logger.LoggerUtility logInfo
INFORMACIÓN: Logger: localPassword iVvHF5gzmDGcDHrHDw0t8g==
ene 19, 2020 3:41:30 PM com.era.logger.LoggerUtility logInfo
INFORMACIÓN: Logger: localDB BlFliTlRLUGQPXiipS+pCQ==
ene 19, 2020 3:41:30 PM com.era.logger.LoggerUtility logInfo
INFORMACIÓN: Logger: localPort FIswUEUI/CO/aXZ+dvmbEegOR+gCQyVFj9CSl1rsQY4=
ene 19, 2020 3:42:22 PM com.era.logger.LoggerUtility logInfo
INFORMACIÓN: Logger: instance: ijhX8Hgcsms2bOs+OK6W6w==
ene 19, 2020 3:42:22 PM com.era.logger.LoggerUtility logInfo
INFORMACIÓN: Logger: user: xJVgdt5XzkcXOrqSuxlbkQ==
ene 19, 2020 3:42:23 PM com.era.logger.LoggerUtility logInfo
INFORMACIÓN: Logger: password: iVvHF5gzmDGcDHrHDw0t8g==
ene 19, 2020 3:42:23 PM com.era.logger.LoggerUtility logInfo
INFORMACIÓN: Logger: db: BlFliTlRLUGQPXiipS+pCQ==
ene 19, 2020 3:42:23 PM com.era.logger.LoggerUtility logInfo
INFORMACIÓN: Logger: sucursal SUC1
ene 19, 2020 3:42:23 PM com.era.logger.LoggerUtility logInfo
INFORMACIÓN: Logger: cashNumber sxQfvsafcZtEl2hwj6jYAg==
ene 19, 2020 3:42:23 PM com.era.logger.LoggerUtility logInfo
INFORMACIÓN: Logger: port Hv88+Lv19nTGz9Wyk0QVMQ==
ene 19, 2020 3:42:23 PM com.era.logger.LoggerUtility logInfo
INFORMACIÓN: Logger: companyName PRTVdvTSgN8B3d5Kznognw==
ene 19, 2020 3:42:23 PM com.era.logger.LoggerUtility logInfo
INFORMACIÓN: Logger: workStation ZlaVzDNuVJopFVp5nx+bqA==
ene 19, 2020 3:42:23 PM com.era.logger.LoggerUtility logInfo
INFORMACIÓN: Logger: localInstance ijhX8Hgcsms2bOs+OK6W6w==
ene 19, 2020 3:42:23 PM com.era.logger.LoggerUtility logInfo
INFORMACIÓN: Logger: localUser xJVgdt5XzkcXOrqSuxlbkQ==
ene 19, 2020 3:42:23 PM com.era.logger.LoggerUtility logInfo
INFORMACIÓN: Logger: localPassword iVvHF5gzmDGcDHrHDw0t8g==
ene 19, 2020 3:42:23 PM com.era.logger.LoggerUtility logInfo
INFORMACIÓN: Logger: localDB BlFliTlRLUGQPXiipS+pCQ==
ene 19, 2020 3:42:23 PM com.era.logger.LoggerUtility logInfo
INFORMACIÓN: Logger: localPort FIswUEUI/CO/aXZ+dvmbEegOR+gCQyVFj9CSl1rsQY4=
ene 19, 2020 3:42:23 PM com.era.logger.LoggerUtility logInfo
INFORMACIÓN: Logger: instance: ijhX8Hgcsms2bOs+OK6W6w==
ene 19, 2020 3:42:23 PM com.era.logger.LoggerUtility logInfo
INFORMACIÓN: Logger: user: xJVgdt5XzkcXOrqSuxlbkQ==
ene 19, 2020 3:42:23 PM com.era.logger.LoggerUtility logInfo
INFORMACIÓN: Logger: password: iVvHF5gzmDGcDHrHDw0t8g==
ene 19, 2020 3:42:23 PM com.era.logger.LoggerUtility logInfo
INFORMACIÓN: Logger: db: BlFliTlRLUGQPXiipS+pCQ==
ene 19, 2020 3:42:23 PM com.era.logger.LoggerUtility logInfo
INFORMACIÓN: Logger: sucursal SUC1
ene 19, 2020 3:42:23 PM com.era.logger.LoggerUtility logInfo
INFORMACIÓN: Logger: cashNumber sxQfvsafcZtEl2hwj6jYAg==
ene 19, 2020 3:42:23 PM com.era.logger.LoggerUtility logInfo
INFORMACIÓN: Logger: port Hv88+Lv19nTGz9Wyk0QVMQ==
ene 19, 2020 3:42:23 PM com.era.logger.LoggerUtility logInfo
INFORMACIÓN: Logger: companyName PRTVdvTSgN8B3d5Kznognw==
ene 19, 2020 3:42:23 PM com.era.logger.LoggerUtility logInfo
INFORMACIÓN: Logger: workStation ZlaVzDNuVJopFVp5nx+bqA==
ene 19, 2020 3:42:23 PM com.era.logger.LoggerUtility logInfo
INFORMACIÓN: Logger: localInstance ijhX8Hgcsms2bOs+OK6W6w==
ene 19, 2020 3:42:23 PM com.era.logger.LoggerUtility logInfo
INFORMACIÓN: Logger: localUser xJVgdt5XzkcXOrqSuxlbkQ==
ene 19, 2020 3:42:23 PM com.era.logger.LoggerUtility logInfo
INFORMACIÓN: Logger: localPassword iVvHF5gzmDGcDHrHDw0t8g==
ene 19, 2020 3:42:23 PM com.era.logger.LoggerUtility logInfo
INFORMACIÓN: Logger: localDB BlFliTlRLUGQPXiipS+pCQ==
ene 19, 2020 3:42:23 PM com.era.logger.LoggerUtility logInfo
INFORMACIÓN: Logger: localPort FIswUEUI/CO/aXZ+dvmbEegOR+gCQyVFj9CSl1rsQY4=
